objfs_init
objfs_getattr: key=/.xdg-volume-info
objfs_getattr: key=/
objfs_getattr: key=/autorun.inf
objfs_getattr: key=/.Trash
objfs_getattr: key=/
objfs_getattr: key=/.Trash-1000
objfs_getattr: key=/
objfs_getattr: key=/
objfs_getattr: key=/
objfs_getattr: key=/
objfs_getattr: key=/
objfs_getattr: key=/
objfs_getattr: key=/
objfs_getattr: key=/
objfs_getattr: key=/
objfs_getattr: key=/
objfs_getattr: key=/
objfs_getattr: key=/
objfs_getattr: key=/
objfs_getattr: key=/
objfs_getattr: key=/
objfs_getattr: key=/
objfs_getattr: key=/
objfs_getattr: key=/
objfs_getattr: key=/
objfs_getattr: key=/
objfs_getattr: key=/
objfs_getattr: key=/autorun.inf
objfs_getattr: key=/
objfs_getattr: key=/
objfs_getattr: key=/
objfs_getattr: key=/
objfs_getattr: key=/
objfs_destroy
